<?xml version="1.0" encoding="UTF-8"?>
<testng-results ignored="0" total="1" passed="1" failed="0" skipped="0">
  <reporter-output>
  </reporter-output>
  <suite started-at="2018-10-07T15:57:16Z" name="Surefire suite" finished-at="2018-10-07T15:57:37Z" duration-ms="21107">
    <groups>
    </groups>
    <test started-at="2018-10-07T15:57:16Z" name="Surefire test" finished-at="2018-10-07T15:57:37Z" duration-ms="21107">
      <class name="com.gmail.ulsdet.tests.LoginPageTest">
        <test-method is-config="true" signature="getDriver()[pri:0, instance:com.gmail.ulsdet.tests.LoginPageTest@6a2b953e]" started-at="2018-10-07T15:57:16Z" name="getDriver" description="Configure something before test" finished-at="2018-10-07T15:57:20Z" duration-ms="4593" status="PASS">
          <reporter-output>
          </reporter-output>
        </test-method> <!-- getDriver -->
        <test-method signature="loginTest()[pri:0, instance:com.gmail.ulsdet.tests.LoginPageTest@6a2b953e]" started-at="2018-10-07T15:57:20Z" name="loginTest" description="Open and login" finished-at="2018-10-07T15:57:37Z" duration-ms="16493" status="PASS">
          <reporter-output>
          </reporter-output>
        </test-method> <!-- loginTest -->
      </class> <!-- com.gmail.ulsdet.tests.LoginPageTest -->
    </test> <!-- Surefire test -->
  </suite> <!-- Surefire suite -->
</testng-results>
